# JRE version: Java(TM) SE Runtime Environment (13.0.2+8) (build 13.0.2+8)
# Java VM: Java HotSpot(TM) 64-Bit Server VM (13.0.2+8, mixed mode, sharing, tiered, compressed oops, g1 gc, windows-amd64)
Heap:
 garbage-first heap   total 65536K, used 44855K [0x00000000c0000000, 0x0000000100000000)
  region size 1024K, 29 young (29696K), 3 survivors (3072K)
 Metaspace       used 52287K, capacity 53608K, committed 53776K, reserved 1095680K
  class space    used 6946K, capacity 7431K, committed 7448K, reserved 1048576K
GC Heap History (20 events):
Event: 6.460 GC heap before
{Heap before GC invocations=9 (full 0):
 garbage-first heap   total 45056K, used 32864K [0x00000000c0000000, 0x0000000100000000)
  region size 1024K, 26 young (26624K), 5 survivors (5120K)
 Metaspace       used 23499K, capacity 24229K, committed 24320K, reserved 1071104K
  class space    used 2966K, capacity 3240K, committed 3328K, reserved 1048576K
}
Event: 6.484 GC heap after
{Heap after GC invocations=10 (full 0):
 garbage-first heap   total 45056K, used 12107K [0x00000000c0000000, 0x0000000100000000)
  region size 1024K, 3 young (3072K), 3 survivors (3072K)
 Metaspace       used 23499K, capacity 24229K, committed 24320K, reserved 1071104K
  class space    used 2966K, capacity 3240K, committed 3328K, reserved 1048576K
}
Event: 7.617 GC heap before
{Heap before GC invocations=10 (full 0):
 garbage-first heap   total 45056K, used 32587K [0x00000000c0000000, 0x0000000100000000)
  region size 1024K, 24 young (24576K), 3 survivors (3072K)
 Metaspace       used 27427K, capacity 28428K, committed 28544K, reserved 1073152K
  class space    used 3496K, capacity 3887K, committed 3968K, reserved 1048576K
}
Event: 7.631 GC heap after
{Heap after GC invocations=11 (full 0):
 garbage-first heap   total 55296K, used 13975K [0x00000000c0000000, 0x0000000100000000)
  region size 1024K, 3 young (3072K), 3 survivors (3072K)
 Metaspace       used 27427K, capacity 28428K, committed 28544K, reserved 1073152K
  class space    used 3496K, capacity 3887K, committed 3968K, reserved 1048576K
}
Event: 7.703 GC heap before
{Heap before GC invocations=11 (full 0):
 garbage-first heap   total 55296K, used 37527K [0x00000000c0000000, 0x0000000100000000)
  region size 1024K, 27 young (27648K), 3 survivors (3072K)
 Metaspace       used 27948K, capacity 28920K, committed 29056K, reserved 1075200K
  class space    used 3550K, capacity 3923K, committed 3968K, reserved 1048576K
}
Event: 7.715 GC heap after
{Heap after GC invocations=12 (full 0):
 garbage-first heap   total 55296K, used 14667K [0x00000000c0000000, 0x0000000100000000)
  region size 1024K, 3 young (3072K), 3 survivors (3072K)
 Metaspace       used 27948K, capacity 28920K, committed 29056K, reserved 1075200K
  class space    used 3550K, capacity 3923K, committed 3968K, reserved 1048576K
}
Event: 7.810 GC heap before
{Heap before GC invocations=12 (full 0):
 garbage-first heap   total 55296K, used 38219K [0x00000000c0000000, 0x0000000100000000)
  region size 1024K, 27 young (27648K), 3 survivors (3072K)
 Metaspace       used 28487K, capacity 29451K, committed 29696K, reserved 1075200K
  class space    used 3601K, capacity 3993K, committed 4096K, reserved 1048576K
}
Event: 7.823 GC heap after
{Heap after GC invocations=13 (full 0):
 garbage-first heap   total 55296K, used 15032K [0x00000000c0000000, 0x0000000100000000)
  region size 1024K, 1 young (1024K), 1 survivors (1024K)
 Metaspace       used 28487K, capacity 29451K, committed 29696K, reserved 1075200K
  class space    used 3601K, capacity 3993K, committed 4096K, reserved 1048576K
}
Event: 7.831 GC heap before
{Heap before GC invocations=13 (full 0):
 garbage-first heap   total 55296K, used 39608K [0x00000000c0000000, 0x0000000100000000)
  region size 1024K, 26 young (26624K), 1 survivors (1024K)
 Metaspace       used 28487K, capacity 29451K, committed 29696K, reserved 1075200K
  class space    used 3601K, capacity 3993K, committed 4096K, reserved 1048576K
}
Event: 7.839 GC heap after
{Heap after GC invocations=14 (full 0):
 garbage-first heap   total 55296K, used 14872K [0x00000000c0000000, 0x0000000100000000)
  region size 1024K, 1 young (1024K), 1 survivors (1024K)
 Metaspace       used 28487K, capacity 29451K, committed 29696K, reserved 1075200K
  class space    used 3601K, capacity 3993K, committed 4096K, reserved 1048576K
}
Event: 8.275 GC heap before
{Heap before GC invocations=14 (full 0):
 garbage-first heap   total 55296K, used 39448K [0x00000000c0000000, 0x0000000100000000)
  region size 1024K, 26 young (26624K), 1 survivors (1024K)
 Metaspace       used 32157K, capacity 33127K, committed 33408K, reserved 1079296K
  class space    used 3982K, capacity 4365K, committed 4480K, reserved 1048576K
}
Event: 8.282 GC heap after
{Heap after GC invocations=15 (full 0):
 garbage-first heap   total 66560K, used 15928K [0x00000000c0000000, 0x0000000100000000)
  region size 1024K, 2 young (2048K), 2 survivors (2048K)
 Metaspace       used 32157K, capacity 33127K, committed 33408K, reserved 1079296K
  class space    used 3982K, capacity 4365K, committed 4480K, reserved 1048576K
}
Event: 8.972 GC heap before
{Heap before GC invocations=15 (full 0):
 garbage-first heap   total 66560K, used 29240K [0x00000000c0000000, 0x0000000100000000)
  region size 1024K, 16 young (16384K), 2 survivors (2048K)
 Metaspace       used 34653K, capacity 35571K, committed 35584K, reserved 1081344K
  class space    used 4248K, capacity 4604K, committed 4608K, reserved 1048576K
}
Event: 8.982 GC heap after
{Heap after GC invocations=16 (full 0):
 garbage-first heap   total 66560K, used 16549K [0x00000000c0000000, 0x0000000100000000)
  region size 1024K, 3 young (3072K), 3 survivors (3072K)
 Metaspace       used 34653K, capacity 35571K, committed 35584K, reserved 1081344K
  class space    used 4248K, capacity 4604K, committed 4608K, reserved 1048576K
}
Event: 10.846 GC heap before
{Heap before GC invocations=17 (full 0):
 garbage-first heap   total 66560K, used 44197K [0x00000000c0000000, 0x0000000100000000)
  region size 1024K, 30 young (30720K), 3 survivors (3072K)
 Metaspace       used 38974K, capacity 39958K, committed 40080K, reserved 1083392K
  class space    used 5081K, capacity 5489K, committed 5528K, reserved 1048576K
}
Event: 10.859 GC heap after
{Heap after GC invocations=18 (full 0):
 garbage-first heap   total 66560K, used 17255K [0x00000000c0000000, 0x0000000100000000)
  region size 1024K, 3 young (3072K), 3 survivors (3072K)
 Metaspace       used 38974K, capacity 39958K, committed 40080K, reserved 1083392K
  class space    used 5081K, capacity 5489K, committed 5528K, reserved 1048576K
}
Event: 11.428 GC heap before
{Heap before GC invocations=19 (full 0):
 garbage-first heap   total 65536K, used 45927K [0x00000000c0000000, 0x0000000100000000)
  region size 1024K, 31 young (31744K), 3 survivors (3072K)
 Metaspace       used 43778K, capacity 44849K, committed 45072K, reserved 1087488K
  class space    used 5695K, capacity 6117K, committed 6168K, reserved 1048576K
}
Event: 11.443 GC heap after
{Heap after GC invocations=20 (full 0):
 garbage-first heap   total 65536K, used 18537K [0x00000000c0000000, 0x0000000100000000)
  region size 1024K, 3 young (3072K), 3 survivors (3072K)
 Metaspace       used 43778K, capacity 44849K, committed 45072K, reserved 1087488K
  class space    used 5695K, capacity 6117K, committed 6168K, reserved 1048576K
}
Event: 12.091 GC heap before
{Heap before GC invocations=20 (full 0):
 garbage-first heap   total 65536K, used 47209K [0x00000000c0000000, 0x0000000100000000)
  region size 1024K, 31 young (31744K), 3 survivors (3072K)
 Metaspace       used 48660K, capacity 49691K, committed 49936K, reserved 1091584K
  class space    used 6475K, capacity 6872K, committed 6936K, reserved 1048576K
}
Event: 12.106 GC heap after
{Heap after GC invocations=21 (full 0):
 garbage-first heap   total 65536K, used 19255K [0x00000000c0000000, 0x0000000100000000)
  region size 1024K, 3 young (3072K), 3 survivors (3072K)
 Metaspace       used 48660K, capacity 49691K, committed 49936K, reserved 1091584K
  class space    used 6475K, capacity 6872K, committed 6936K, reserved 1048576K
}

